<?xml version="1.0" encoding="UTF-8"?>
<testng-results skipped="0" failed="0" ignored="0" total="5" passed="5">
  <reporter-output>
  </reporter-output>
  <suite name="Default Suite" duration-ms="42" started-at="2023-05-08T08:47:14 KGT" finished-at="2023-05-08T08:47:14 KGT">
    <groups>
    </groups>
    <test name="TestNGProject" duration-ms="42" started-at="2023-05-08T08:47:14 KGT" finished-at="2023-05-08T08:47:14 KGT">
      <class name="com.automation.testcases.ExamplePriorityAndDependencyTest">
        <test-method status="PASS" signature="test1()[pri:-50, instance:com.automation.testcases.ExamplePriorityAndDependencyTest@31dc339b]" name="test1" duration-ms="5" started-at="2023-05-08T08:47:14 KGT" finished-at="2023-05-08T08:47:14 KGT">
          <reporter-output>
          </reporter-output>
        </test-method> <!-- test1 -->
        <test-method status="PASS" signature="test2()[pri:0, instance:com.automation.testcases.ExamplePriorityAndDependencyTest@31dc339b]" name="test2" duration-ms="0" started-at="2023-05-08T08:47:14 KGT" depends-on-methods="com.automation.testcases.ExamplePriorityAndDependencyTest.test1" finished-at="2023-05-08T08:47:14 KGT">
          <reporter-output>
          </reporter-output>
        </test-method> <!-- test2 -->
        <test-method status="PASS" signature="test3()[pri:2, instance:com.automation.testcases.ExamplePriorityAndDependencyTest@31dc339b]" name="test3" duration-ms="0" started-at="2023-05-08T08:47:14 KGT" depends-on-methods="com.automation.testcases.ExamplePriorityAndDependencyTest.test2" finished-at="2023-05-08T08:47:14 KGT">
          <reporter-output>
          </reporter-output>
        </test-method> <!-- test3 -->
        <test-method status="PASS" signature="test4()[pri:3, instance:com.automation.testcases.ExamplePriorityAndDependencyTest@31dc339b]" name="test4" duration-ms="0" started-at="2023-05-08T08:47:14 KGT" depends-on-methods="com.automation.testcases.ExamplePriorityAndDependencyTest.test3" finished-at="2023-05-08T08:47:14 KGT">
          <reporter-output>
          </reporter-output>
        </test-method> <!-- test4 -->
        <test-method status="PASS" signature="test5()[pri:-100, instance:com.automation.testcases.ExamplePriorityAndDependencyTest@31dc339b]" name="test5" duration-ms="1" started-at="2023-05-08T08:47:14 KGT" depends-on-methods="com.automation.testcases.ExamplePriorityAndDependencyTest.test4" finished-at="2023-05-08T08:47:14 KGT">
          <reporter-output>
          </reporter-output>
        </test-method> <!-- test5 -->
      </class> <!-- com.automation.testcases.ExamplePriorityAndDependencyTest -->
    </test> <!-- TestNGProject -->
  </suite> <!-- Default Suite -->
</testng-results>
